c:\source\xyz\snakegamexyz\snakegamexyz\debug\vc143.pdb
c:\source\xyz\snakegamexyz\snakegamexyz\debug\vc143.idb
c:\source\xyz\snakegamexyz\snakegamexyz\debug\snake.obj
c:\source\xyz\snakegamexyz\snakegamexyz\debug\math.obj
c:\source\xyz\snakegamexyz\snakegamexyz\debug\gamestateplaying.obj
c:\source\xyz\snakegamexyz\snakegamexyz\debug\gamestategameover.obj
c:\source\xyz\snakegamexyz\snakegamexyz\debug\gamemain.obj
c:\source\xyz\snakegamexyz\snakegamexyz\debug\game.obj
c:\source\xyz\snakegamexyz\snakegamexyz\debug\apple.obj
c:\source\xyz\snakegamexyz\debug\snakegamexyz.exe
c:\source\xyz\snakegamexyz\debug\snakegamexyz.pdb
c:\source\xyz\snakegamexyz\snakegamexyz\debug\snakegamexyz.ilk
c:\source\xyz\snakegamexyz\snakegamexyz\debug\snakegamexyz.tlog\cl.command.1.tlog
c:\source\xyz\snakegamexyz\snakegamexyz\debug\snakegamexyz.tlog\cl.items.tlog
c:\source\xyz\snakegamexyz\snakegamexyz\debug\snakegamexyz.tlog\cl.read.1.tlog
c:\source\xyz\snakegamexyz\snakegamexyz\debug\snakegamexyz.tlog\cl.write.1.tlog
c:\source\xyz\snakegamexyz\snakegamexyz\debug\snakegamexyz.tlog\link.command.1.tlog
c:\source\xyz\snakegamexyz\snakegamexyz\debug\snakegamexyz.tlog\link.read.1.tlog
c:\source\xyz\snakegamexyz\snakegamexyz\debug\snakegamexyz.tlog\link.secondary.1.tlog
c:\source\xyz\snakegamexyz\snakegamexyz\debug\snakegamexyz.tlog\link.write.1.tlog
